TN:
SF:src\application\use-cases\CreateClient.ts
FN:6,(anonymous_0)
FN:8,(anonymous_1)
FNF:2
FNH:2
FNDA:7,(anonymous_0)
FNDA:7,(anonymous_1)
DA:1,1
DA:3,1
DA:5,1
DA:6,7
DA:9,7
DA:10,7
DA:12,7
DA:14,6
DA:15,1
DA:17,5
DA:19,3
DA:20,1
DA:22,2
LF:13
LH:13
BRDA:14,0,0,1
BRDA:19,1,0,1
BRDA:22,2,0,2
BRDA:22,2,1,0
BRF:4
BRH:3
end_of_record
TN:
SF:src\domain\entities\Client.ts
FN:2,(anonymous_0)
FNF:1
FNH:1
FNDA:12,(anonymous_0)
DA:1,1
DA:3,12
DA:4,12
DA:5,12
DA:6,12
DA:7,12
DA:8,12
DA:9,12
DA:10,12
DA:11,12
LF:10
LH:10
BRDA:10,0,0,12
BRF:1
BRH:1
end_of_record
TN:
SF:src\domain\entities\ClientAlreadyExitsError.ts
FN:2,(anonymous_0)
FNF:1
FNH:1
FNDA:1,(anonymous_0)
DA:1,1
DA:3,1
DA:4,1
LF:3
LH:3
BRDA:2,0,0,1
BRF:1
BRH:1
end_of_record
